mode: set
C:\Users\yuetang2\Downloads\count.go:15.43,28.22 5 1
C:\Users\yuetang2\Downloads\count.go:40.2,40.16 1 1
C:\Users\yuetang2\Downloads\count.go:43.2,45.22 2 1
C:\Users\yuetang2\Downloads\count.go:51.2,51.22 1 1
C:\Users\yuetang2\Downloads\count.go:56.2,56.40 1 1
C:\Users\yuetang2\Downloads\count.go:28.22,29.27 1 1
C:\Users\yuetang2\Downloads\count.go:29.27,30.18 1 1
C:\Users\yuetang2\Downloads\count.go:33.4,33.13 1 1
C:\Users\yuetang2\Downloads\count.go:30.18,32.5 1 1
C:\Users\yuetang2\Downloads\count.go:34.9,35.41 1 1
C:\Users\yuetang2\Downloads\count.go:35.41,37.5 1 1
C:\Users\yuetang2\Downloads\count.go:40.16,42.3 1 1
C:\Users\yuetang2\Downloads\count.go:45.22,46.33 1 1
C:\Users\yuetang2\Downloads\count.go:46.33,48.4 1 1
C:\Users\yuetang2\Downloads\count.go:51.22,52.25 1 1
C:\Users\yuetang2\Downloads\count.go:52.25,54.4 1 1
