mode: set
/mnt/c/Users/yuetang2/Downloads/main/main.go:15.43,28.22 5 1
/mnt/c/Users/yuetang2/Downloads/main/main.go:42.2,42.16 1 1
/mnt/c/Users/yuetang2/Downloads/main/main.go:45.2,47.22 2 1
/mnt/c/Users/yuetang2/Downloads/main/main.go:53.2,53.22 1 1
/mnt/c/Users/yuetang2/Downloads/main/main.go:58.2,58.40 1 1
/mnt/c/Users/yuetang2/Downloads/main/main.go:28.22,29.27 1 1
/mnt/c/Users/yuetang2/Downloads/main/main.go:29.27,30.27 1 1
/mnt/c/Users/yuetang2/Downloads/main/main.go:30.27,31.19 1 1
/mnt/c/Users/yuetang2/Downloads/main/main.go:34.5,34.14 1 1
/mnt/c/Users/yuetang2/Downloads/main/main.go:31.19,33.6 1 1
/mnt/c/Users/yuetang2/Downloads/main/main.go:36.9,37.41 1 1
/mnt/c/Users/yuetang2/Downloads/main/main.go:37.41,39.5 1 1
/mnt/c/Users/yuetang2/Downloads/main/main.go:42.16,44.3 1 1
/mnt/c/Users/yuetang2/Downloads/main/main.go:47.22,48.33 1 1
/mnt/c/Users/yuetang2/Downloads/main/main.go:48.33,50.4 1 1
/mnt/c/Users/yuetang2/Downloads/main/main.go:53.22,54.25 1 1
/mnt/c/Users/yuetang2/Downloads/main/main.go:54.25,56.4 1 1
